<?xml version="1.0" encoding="UTF-8"?>
<!-- Generated by org.testng.reporters.JUnitXMLReporter -->
<testsuite ignored="0" hostname="LAPTOP-8QE8IR6F" failures="1" tests="1" name="Test" time="14.021" errors="0" timestamp="2024-12-14T12:31:36 IST">
  <testcase classname="Practical.Create_Campaign" name="Campaign_Create" time="12.057">
    <failure type="java.lang.AssertionError" message="null">
      <![CDATA[java.lang.AssertionError: null
at Practical.Create_Campaign.Campaign_Create(Create_Campaign.java:48)
at java.base/java.util.ArrayList.forEach(ArrayList.java:1596)
... Removed 27 stack frames]]>
    </failure>
  </testcase> <!-- Campaign_Create -->
</testsuite> <!-- Test -->
