<?xml version="1.0" encoding="UTF-8"?>
<testng-results ignored="0" total="1" passed="1" failed="0" skipped="0">
  <reporter-output>
  </reporter-output>
  <suite started-at="2024-12-15T23:24:13 IST" name="Default suite" finished-at="2024-12-15T23:25:02 IST" duration-ms="49491">
    <groups>
    </groups>
    <test started-at="2024-12-15T23:24:13 IST" name="Default test" finished-at="2024-12-15T23:25:02 IST" duration-ms="49491">
      <class name="Campaigns.Campaign_Popup">
        <test-method signature="Campaign_Popup()[pri:0, instance:Campaigns.Campaign_Popup@498d318c]" started-at="2024-12-15T23:24:13 IST" name="Campaign_Popup" finished-at="2024-12-15T23:25:02 IST" duration-ms="49443" status="PASS">
          <reporter-output>
          </reporter-output>
        </test-method> <!-- Campaign_Popup -->
      </class> <!-- Campaigns.Campaign_Popup -->
    </test> <!-- Default test -->
  </suite> <!-- Default suite -->
</testng-results>
